<?xml version="1.0" encoding="UTF-8"?>
<testsuite xmlns:xsi="http://www.w3.org/2001/XMLSchema-instance" xsi:noNamespaceSchemaLocation="https://maven.apache.org/surefire/maven-failsafe-plugin/xsd/failsafe-test-report.xsd" name="stepDefs.TestRunner" time="30.676" tests="12" errors="0" skipped="0" failures="0">
  <properties>
[...]
</properties>
  <testcase name="Given user navigate to clear trip URL" classname="| name1 | 5 | success |" time="0.001"/>
  <testcase name="When user select multi-city radio button on clear trip home page" classname="| name1 | 5 | success |" time="0"/>
  <testcase name="When user enter value in &quot;From1&quot; text box" classname="| name1 | 5 | success |" time="0"/>
  <testcase name="When user enter value in &quot;To1&quot; text box" classname="| name1 | 5 | success |" time="0"/>
  <testcase name="When user enter value in &quot;From2&quot; text box" classname="| name1 | 5 | success |" time="0"/>
  <testcase name="When user enter value in &quot;To2&quot; text box" classname="| name1 | 5 | success |" time="0"/>
  <testcase name="When user enter value in &quot;From3&quot; text box" classname="| name1 | 5 | success |" time="0"/>
  <testcase name="When user enter value in &quot;To3&quot; text box" classname="| name1 | 5 | success |" time="0"/>
  <testcase name="When user select adults from drop down" classname="| name1 | 5 | success |" time="0"/>
  <testcase name="When user select class of travel from drop down" classname="| name1 | 5 | success |" time="0"/>
  <testcase name="When user click on search flight button" classname="| name1 | 5 | success |" time="0"/>
  <testcase name="| name1 | 5 | success |" classname="| name1 | 5 | success |" time="1.456"/>
</testsuite>